[debug] [2021-04-26T23:10:43.716Z] ----------------------------------------------------------------------
[debug] [2021-04-26T23:10:43.719Z] Command:       /usr/local/Cellar/node/15.6.0/bin/node /usr/local/bin/firebase deploy
[debug] [2021-04-26T23:10:43.719Z] CLI Version:   9.10.0
[debug] [2021-04-26T23:10:43.719Z] Platform:      darwin
[debug] [2021-04-26T23:10:43.719Z] Node Version:  v15.6.0
[debug] [2021-04-26T23:10:43.721Z] Time:          Tue Apr 27 2021 00:10:43 GMT+0100 (British Summer Time)
[debug] [2021-04-26T23:10:43.721Z] ----------------------------------------------------------------------
[debug] 
[debug] [2021-04-26T23:10:43.732Z] > command requires scopes: ["email","openid","https://www.googleapis.com/auth/cloudplatformprojects.readonly","https://www.googleapis.com/auth/firebase","https://www.googleapis.com/auth/cloud-platform"]
[debug] [2021-04-26T23:10:43.732Z] > authorizing via signed-in user (kclarkk14@gmail.com)
[debug] [2021-04-26T23:10:43.732Z] [iam] checking project punk-api-50ea2 for permissions ["firebase.projects.get","firebasehosting.sites.update"]
[debug] [2021-04-26T23:10:43.735Z] >>> HTTP REQUEST POST https://cloudresourcemanager.googleapis.com/v1/projects/punk-api-50ea2:testIamPermissions  
 {"permissions":["firebase.projects.get","firebasehosting.sites.update"]}
[debug] [2021-04-26T23:10:44.474Z] <<< HTTP RESPONSE 200 {"content-type":"application/json; charset=UTF-8","vary":"X-Origin, Referer, Origin,Accept-Encoding","date":"Mon, 26 Apr 2021 23:10:44 GMT","server":"ESF","cache-control":"private","x-xss-protection":"0","x-frame-options":"SAMEORIGIN","x-content-type-options":"nosniff","server-timing":"gfet4t7; dur=547","alt-svc":"h3-29=\":443\"; ma=2592000,h3-T051=\":443\"; ma=2592000,h3-Q050=\":443\"; ma=2592000,h3-Q046=\":443\"; ma=2592000,h3-Q043=\":443\"; ma=2592000,quic=\":443\"; ma=2592000; v=\"46,43\"","accept-ranges":"none","transfer-encoding":"chunked"}
[debug] [2021-04-26T23:10:44.477Z] > refreshing access token with scopes: []
[debug] [2021-04-26T23:10:44.478Z] >>> HTTP REQUEST POST https://www.googleapis.com/oauth2/v3/token  
 <request body omitted>
[debug] [2021-04-26T23:10:44.882Z] <<< HTTP RESPONSE 200 {"cache-control":"no-cache, no-store, max-age=0, must-revalidate","date":"Mon, 26 Apr 2021 23:10:44 GMT","expires":"Mon, 01 Jan 1990 00:00:00 GMT","pragma":"no-cache","content-type":"application/json; charset=utf-8","vary":"X-Origin, Referer, Origin,Accept-Encoding","server":"scaffolding on HTTPServer2","x-xss-protection":"0","x-frame-options":"SAMEORIGIN","x-content-type-options":"nosniff","alt-svc":"h3-29=\":443\"; ma=2592000,h3-T051=\":443\"; ma=2592000,h3-Q050=\":443\"; ma=2592000,h3-Q046=\":443\"; ma=2592000,h3-Q043=\":443\"; ma=2592000,quic=\":443\"; ma=2592000; v=\"46,43\"","accept-ranges":"none","transfer-encoding":"chunked"}
[debug] [2021-04-26T23:10:44.921Z] >>> [apiv2][query] GET https://firebase.googleapis.com/v1beta1/projects/punk-api-50ea2 [none]
[debug] [2021-04-26T23:10:45.114Z] <<< [apiv2][status] GET https://firebase.googleapis.com/v1beta1/projects/punk-api-50ea2 200
[debug] [2021-04-26T23:10:45.114Z] <<< [apiv2][body] GET https://firebase.googleapis.com/v1beta1/projects/punk-api-50ea2 {"projectId":"punk-api-50ea2","projectNumber":"357700471414","displayName":"Punk API","name":"projects/punk-api-50ea2","resources":{"hostingSite":"punk-api-50ea2","storageBucket":"punk-api-50ea2.appspot.com","locationId":"europe-west"},"state":"ACTIVE"}
[info] 
[info] === Deploying to 'punk-api-50ea2'...
[info] 
[info] i  deploying hosting 
[debug] [2021-04-26T23:10:45.119Z] > refreshing access token with scopes: ["email","https://www.googleapis.com/auth/cloud-platform","https://www.googleapis.com/auth/cloudplatformprojects.readonly","https://www.googleapis.com/auth/firebase","openid"]
[debug] [2021-04-26T23:10:45.119Z] >>> HTTP REQUEST POST https://www.googleapis.com/oauth2/v3/token  
 <request body omitted>
[debug] [2021-04-26T23:10:45.576Z] <<< HTTP RESPONSE 200 {"pragma":"no-cache","cache-control":"no-cache, no-store, max-age=0, must-revalidate","date":"Mon, 26 Apr 2021 23:10:45 GMT","expires":"Mon, 01 Jan 1990 00:00:00 GMT","content-type":"application/json; charset=utf-8","vary":"X-Origin, Referer, Origin,Accept-Encoding","server":"scaffolding on HTTPServer2","x-xss-protection":"0","x-frame-options":"SAMEORIGIN","x-content-type-options":"nosniff","alt-svc":"h3-29=\":443\"; ma=2592000,h3-T051=\":443\"; ma=2592000,h3-Q050=\":443\"; ma=2592000,h3-Q046=\":443\"; ma=2592000,h3-Q043=\":443\"; ma=2592000,quic=\":443\"; ma=2592000; v=\"46,43\"","accept-ranges":"none","transfer-encoding":"chunked"}
[debug] [2021-04-26T23:10:45.615Z] >>> HTTP REQUEST POST https://firebasehosting.googleapis.com/v1beta1/sites/punk-api-50ea2/versions  
 {"config":{"rewrites":[{"glob":"**","path":"/index.html"}]},"labels":{"deployment-tool":"cli-firebase"}}
[debug] [2021-04-26T23:10:47.009Z] <<< HTTP RESPONSE 200 {"content-type":"application/json; charset=UTF-8","vary":"X-Origin, Referer, Origin,Accept-Encoding","date":"Mon, 26 Apr 2021 23:10:46 GMT","server":"ESF","cache-control":"private","x-xss-protection":"0","x-frame-options":"SAMEORIGIN","x-content-type-options":"nosniff","alt-svc":"h3-29=\":443\"; ma=2592000,h3-T051=\":443\"; ma=2592000,h3-Q050=\":443\"; ma=2592000,h3-Q046=\":443\"; ma=2592000,h3-Q043=\":443\"; ma=2592000,quic=\":443\"; ma=2592000; v=\"46,43\"","accept-ranges":"none","transfer-encoding":"chunked"}
[info] i  hosting[punk-api-50ea2]: beginning deploy... 
[info] i  hosting[punk-api-50ea2]: found 15 files in build 
[debug] [2021-04-26T23:10:47.217Z] > refreshing access token with scopes: []
[debug] [2021-04-26T23:10:47.218Z] >>> HTTP REQUEST POST https://www.googleapis.com/oauth2/v3/token  
 <request body omitted>
[debug] [2021-04-26T23:10:47.220Z] [hosting] hash cache [YnVpbGQ] stored for 15 files
[debug] [2021-04-26T23:10:47.220Z] [hosting][hash queue][FINAL] {"max":172,"min":45,"avg":75.86666666666666,"active":0,"complete":15,"success":15,"errored":0,"retried":0,"total":15,"elapsed":179}
[debug] [2021-04-26T23:10:48.418Z] <<< HTTP RESPONSE 200 {"expires":"Mon, 01 Jan 1990 00:00:00 GMT","pragma":"no-cache","date":"Mon, 26 Apr 2021 23:10:48 GMT","cache-control":"no-cache, no-store, max-age=0, must-revalidate","content-type":"application/json; charset=utf-8","vary":"X-Origin, Referer, Origin,Accept-Encoding","server":"scaffolding on HTTPServer2","x-xss-protection":"0","x-frame-options":"SAMEORIGIN","x-content-type-options":"nosniff","alt-svc":"h3-29=\":443\"; ma=2592000,h3-T051=\":443\"; ma=2592000,h3-Q050=\":443\"; ma=2592000,h3-Q046=\":443\"; ma=2592000,h3-Q043=\":443\"; ma=2592000,quic=\":443\"; ma=2592000; v=\"46,43\"","accept-ranges":"none","transfer-encoding":"chunked"}
[debug] [2021-04-26T23:10:48.471Z] >>> [apiv2][query] POST https://firebasehosting.googleapis.com/v1beta1/sites/punk-api-50ea2/versions/8164ead9a3fa60a6:populateFiles [none]
[debug] [2021-04-26T23:10:48.472Z] >>> [apiv2][body] POST https://firebasehosting.googleapis.com/v1beta1/sites/punk-api-50ea2/versions/8164ead9a3fa60a6:populateFiles {"files":{"/asset-manifest.json":"0b0aac13afff50906a4ed9273c63fe59179ed1cd9f13a26cfb0777a3cafe6a33","/index.html":"6148cd8a3b1b532e65a7a466253acf3ec7fa1fb673eebcbfeb69c0668bd170c4","/robots.txt":"391d14b3c2f8c9143a27a28c7399585142228d4d1bdbe2c87ac946de411fa9a2","/static/css/main.684b9420.chunk.css":"8e3c84b2862c2bb3fd611480473243892ee5d70992051e3a7a73c39f4933120a","/static/js/2.2b4262d9.chunk.js.LICENSE.txt":"85beee5f004ffdd560b82621e362ba225e70e2358dade591bf442850781a9292","/static/css/main.684b9420.chunk.css.map":"bb6da9441743be54ff7fb15a45f5bcdc16b3b74c950e56c0037f19f907f829bf","/static/js/3.fc101860.chunk.js":"fdaa5f1e331df975fa78fb2d002097e74fb6cb9a692cb29b8355e3e3e24334cd","/static/js/3.fc101860.chunk.js.map":"dd876f02ad06c0d21239738f5a5f59686aec04500ee8d68bd49f8703eb42da16","/static/js/main.737c1977.chunk.js":"2e1e58fc0e62734dd0f9b58f0f115b1825984ab42ddf0de2cf37d2ae9496e3db","/static/js/main.737c1977.chunk.js.map":"22502c20640103df6db6cdb7f82e3a2b2299cbb79707fb8b80f2d11f5c06ebc3","/static/js/runtime-main.11ae2164.js":"b9e756e315305adce1606e74abec058b326487937022f4c7682155f3ff3108a2","/static/js/runtime-main.11ae2164.js.map":"821fa8e016609ab8e4a70b7d9e1d4c40855f1be0c50797ea054e2aca73483a9d","/favicon.ico":"2fbd463a286c546cb12b31cf6a270a88a72f0bc753e6cd9df4b1478439ac7725","/static/js/2.2b4262d9.chunk.js":"7d45b95d879e50d60a41749f4d0261dd4d3e2159414843c4a0c3fbf3ce724ca4","/static/js/2.2b4262d9.chunk.js.map":"7abb0f8ec45d827bf7de0678017841a8c57f439f78601b2a2a06550c1c875b27"}}
[debug] [2021-04-26T23:10:49.475Z] <<< [apiv2][status] POST https://firebasehosting.googleapis.com/v1beta1/sites/punk-api-50ea2/versions/8164ead9a3fa60a6:populateFiles 200
[debug] [2021-04-26T23:10:49.475Z] <<< [apiv2][body] POST https://firebasehosting.googleapis.com/v1beta1/sites/punk-api-50ea2/versions/8164ead9a3fa60a6:populateFiles {"uploadRequiredHashes":["8e3c84b2862c2bb3fd611480473243892ee5d70992051e3a7a73c39f4933120a","6148cd8a3b1b532e65a7a466253acf3ec7fa1fb673eebcbfeb69c0668bd170c4","bb6da9441743be54ff7fb15a45f5bcdc16b3b74c950e56c0037f19f907f829bf","0b0aac13afff50906a4ed9273c63fe59179ed1cd9f13a26cfb0777a3cafe6a33","2fbd463a286c546cb12b31cf6a270a88a72f0bc753e6cd9df4b1478439ac7725"],"uploadUrl":"https://upload-firebasehosting.googleapis.com/upload/sites/punk-api-50ea2/versions/8164ead9a3fa60a6/files"}
[debug] [2021-04-26T23:10:49.477Z] >>> [apiv2][query] POST https://upload-firebasehosting.googleapis.com/upload/sites/punk-api-50ea2/versions/8164ead9a3fa60a6/files/8e3c84b2862c2bb3fd611480473243892ee5d70992051e3a7a73c39f4933120a [none]
[debug] [2021-04-26T23:10:49.478Z] >>> [apiv2][body] POST https://upload-firebasehosting.googleapis.com/upload/sites/punk-api-50ea2/versions/8164ead9a3fa60a6/files/8e3c84b2862c2bb3fd611480473243892ee5d70992051e3a7a73c39f4933120a [stream]
[debug] [2021-04-26T23:10:49.479Z] >>> [apiv2][query] POST https://upload-firebasehosting.googleapis.com/upload/sites/punk-api-50ea2/versions/8164ead9a3fa60a6/files/6148cd8a3b1b532e65a7a466253acf3ec7fa1fb673eebcbfeb69c0668bd170c4 [none]
[debug] [2021-04-26T23:10:49.479Z] >>> [apiv2][body] POST https://upload-firebasehosting.googleapis.com/upload/sites/punk-api-50ea2/versions/8164ead9a3fa60a6/files/6148cd8a3b1b532e65a7a466253acf3ec7fa1fb673eebcbfeb69c0668bd170c4 [stream]
[debug] [2021-04-26T23:10:49.481Z] >>> [apiv2][query] POST https://upload-firebasehosting.googleapis.com/upload/sites/punk-api-50ea2/versions/8164ead9a3fa60a6/files/bb6da9441743be54ff7fb15a45f5bcdc16b3b74c950e56c0037f19f907f829bf [none]
[debug] [2021-04-26T23:10:49.481Z] >>> [apiv2][body] POST https://upload-firebasehosting.googleapis.com/upload/sites/punk-api-50ea2/versions/8164ead9a3fa60a6/files/bb6da9441743be54ff7fb15a45f5bcdc16b3b74c950e56c0037f19f907f829bf [stream]
[debug] [2021-04-26T23:10:49.482Z] >>> [apiv2][query] POST https://upload-firebasehosting.googleapis.com/upload/sites/punk-api-50ea2/versions/8164ead9a3fa60a6/files/0b0aac13afff50906a4ed9273c63fe59179ed1cd9f13a26cfb0777a3cafe6a33 [none]
[debug] [2021-04-26T23:10:49.483Z] >>> [apiv2][body] POST https://upload-firebasehosting.googleapis.com/upload/sites/punk-api-50ea2/versions/8164ead9a3fa60a6/files/0b0aac13afff50906a4ed9273c63fe59179ed1cd9f13a26cfb0777a3cafe6a33 [stream]
[debug] [2021-04-26T23:10:49.485Z] >>> [apiv2][query] POST https://upload-firebasehosting.googleapis.com/upload/sites/punk-api-50ea2/versions/8164ead9a3fa60a6/files/2fbd463a286c546cb12b31cf6a270a88a72f0bc753e6cd9df4b1478439ac7725 [none]
[debug] [2021-04-26T23:10:49.485Z] >>> [apiv2][body] POST https://upload-firebasehosting.googleapis.com/upload/sites/punk-api-50ea2/versions/8164ead9a3fa60a6/files/2fbd463a286c546cb12b31cf6a270a88a72f0bc753e6cd9df4b1478439ac7725 [stream]
[debug] [2021-04-26T23:10:49.486Z] [hosting][populate queue][FINAL] {"max":2260,"min":2260,"avg":2260,"active":0,"complete":1,"success":1,"errored":0,"retried":0,"total":1,"elapsed":2269}
[debug] [2021-04-26T23:10:49.487Z] [hosting] uploads queued: 5
